This file contains any messages produced by compilers while
running configure, to aid debugging if configure makes a mistake.

It was created by configure, which was
generated by GNU Autoconf 2.69.  Invocation command line was

  $ ./configure 

## --------- ##
## Platform. ##
## --------- ##

hostname = DanyMini.local
uname -m = x86_64
uname -r = 13.4.0
uname -s = Darwin
uname -v = Darwin Kernel Version 13.4.0: Sun Aug 17 19:50:11 PDT 2014; root:xnu-2422.115.4~1/RELEASE_X86_64

/usr/bin/uname -p = i386
/bin/uname -X     = unknown

/bin/arch              = unknown
/usr/bin/arch -k       = unknown
/usr/convex/getsysinfo = unknown
/usr/bin/hostinfo      = Mach kernel version:
	 Darwin Kernel Version 13.4.0: Sun Aug 17 19:50:11 PDT 2014; root:xnu-2422.115.4~1/RELEASE_X86_64
Kernel configured for up to 8 processors.
4 processors are physically available.
8 processors are logically available.
Processor type: i486 (Intel 80486)
Processors active: 0 1 2 3 4 5 6 7
Primary memory available: 16.00 gigabytes
Default processor set: 219 tasks, 1099 threads, 8 processors
Load average: 1.23, Mach factor: 6.76
/bin/machine           = unknown
/usr/bin/oslevel       = unknown
/bin/universe          = unknown

PATH: /Users/dany/Scripts/apache-ant-1.9.4/bin
PATH: /Users/dany/Codes/adt-bundle-mac-x86_64-20131030/sdk//tools
PATH: /Users/dany/Codes/adt-bundle-mac-x86_64-20131030/sdk//platform-tools
PATH: /Users/dany/Codes/adt-bundle-mac-x86_64-20131030/sdk/
PATH: /Users/dany/Codes/android-ndk-r10/
PATH: /Users/dany/Codes/cocos2d-x-3.0rc2/tools/cocos2d-console/bin
PATH: /opt/local/bin
PATH: /opt/local/sbin
PATH: /usr/bin
PATH: /bin
PATH: /usr/sbin
PATH: /sbin
PATH: /usr/local/bin
PATH: /opt/X11/bin
PATH: /opt//local/lib/mysql56/bin/


## ----------- ##
## Core tests. ##
## ----------- ##

configure:2380: checking for grep that handles long lines and -e
configure:2438: result: /usr/bin/grep
configure:2443: checking for egrep
configure:2505: result: /usr/bin/grep -E
configure:2510: checking for a sed that does not truncate output
configure:2564: result: /opt/local/bin/gsed
configure:2696: checking for cc
configure:2712: found /usr/bin/cc
configure:2723: result: cc
configure:2754: checking for C compiler version
configure:2763: cc --version >&5
Apple LLVM version 5.1 (clang-503.0.38) (based on LLVM 3.4svn)
Target: x86_64-apple-darwin13.4.0
Thread model: posix
configure:2774: $? = 0
configure:2763: cc -v >&5
Apple LLVM version 5.1 (clang-503.0.38) (based on LLVM 3.4svn)
Target: x86_64-apple-darwin13.4.0
Thread model: posix
configure:2774: $? = 0
configure:2763: cc -V >&5
clang: error: argument to '-V' is missing (expected 1 value)
clang: error: no input files
configure:2774: $? = 1
configure:2763: cc -qversion >&5
clang: error: unknown argument: '-qversion' [-Wunused-command-line-argument-hard-error-in-future]
clang: note: this will be a hard error (cannot be downgraded to a warning) in the future
clang: error: no input files
configure:2774: $? = 1
configure:2794: checking whether the C compiler works
configure:2816: cc    conftest.c  >&5
configure:2820: $? = 0
configure:2868: result: yes
configure:2871: checking for C compiler default output file name
configure:2873: result: a.out
configure:2879: checking for suffix of executables
configure:2886: cc -o conftest    conftest.c  >&5
configure:2890: $? = 0
configure:2912: result: 
configure:2934: checking whether we are cross compiling
configure:2942: cc -o conftest    conftest.c  >&5
configure:2946: $? = 0
configure:2953: ./conftest
configure:2957: $? = 0
configure:2972: result: no
configure:2977: checking for suffix of object files
configure:2999: cc -c   conftest.c >&5
configure:3003: $? = 0
configure:3024: result: o
configure:3028: checking whether we are using the GNU C compiler
configure:3047: cc -c   conftest.c >&5
configure:3047: $? = 0
configure:3056: result: yes
configure:3065: checking whether cc accepts -g
configure:3085: cc -c -g  conftest.c >&5
configure:3085: $? = 0
configure:3126: result: yes
configure:3143: checking for cc option to accept ISO C89
configure:3206: cc  -c -g -O2  conftest.c >&5
configure:3206: $? = 0
configure:3219: result: none needed
configure:3245: checking how to run the C preprocessor
configure:3276: cc -E  conftest.c
configure:3276: $? = 0
configure:3290: cc -E  conftest.c
conftest.c:9:10: fatal error: 'ac_nonexistent.h' file not found
#include <ac_nonexistent.h>
         ^
1 error generated.
configure:3290: $? = 1
configure: failed program was:
| /* confdefs.h */
| #define PACKAGE_NAME ""
| #define PACKAGE_TARNAME ""
| #define PACKAGE_VERSION ""
| #define PACKAGE_STRING ""
| #define PACKAGE_BUGREPORT ""
| #define PACKAGE_URL ""
| /* end confdefs.h.  */
| #include <ac_nonexistent.h>
configure:3315: result: cc -E
configure:3335: cc -E  conftest.c
configure:3335: $? = 0
configure:3349: cc -E  conftest.c
conftest.c:9:10: fatal error: 'ac_nonexistent.h' file not found
#include <ac_nonexistent.h>
         ^
1 error generated.
configure:3349: $? = 1
configure: failed program was:
| /* confdefs.h */
| #define PACKAGE_NAME ""
| #define PACKAGE_TARNAME ""
| #define PACKAGE_VERSION ""
| #define PACKAGE_STRING ""
| #define PACKAGE_BUGREPORT ""
| #define PACKAGE_URL ""
| /* end confdefs.h.  */
| #include <ac_nonexistent.h>
configure:3380: checking for icc
configure:3389: result: no
configure:3403: checking for suncc
configure:3412: result: no
configure:3430: checking whether cc understands -c and -o together
configure:3458: cc -c conftest.c -o conftest2.o >&5
configure:3462: $? = 0
configure:3468: cc -c conftest.c -o conftest2.o >&5
configure:3472: $? = 0
configure:3527: result: yes
configure:3541: checking for system library directory
configure:3556: result: lib
configure:3563: checking if compiler supports -R
configure:3582: cc -o conftest -g -O2   conftest.c -R /usr/lib  >&5
clang: warning: argument unused during compilation: '-R'
ld: can't map file, errno=22 file '/usr/lib' for architecture x86_64
clang: error: linker command failed with exit code 1 (use -v to see invocation)
configure:3582: $? = 1
configure: failed program was:
| /* confdefs.h */
| #define PACKAGE_NAME ""
| #define PACKAGE_TARNAME ""
| #define PACKAGE_VERSION ""
| #define PACKAGE_STRING ""
| #define PACKAGE_BUGREPORT ""
| #define PACKAGE_URL ""
| /* end confdefs.h.  */
| 
| int
| main ()
| {
| 
|   ;
|   return 0;
| }
configure:3592: result: no
configure:3597: checking if compiler supports -Wl,-rpath,
configure:3616: cc -o conftest -g -O2   conftest.c -Wl,-rpath,/usr/lib  >&5
configure:3616: $? = 0
configure:3626: result: yes
configure:3671: checking build system type
configure:3685: result: x86_64-apple-darwin13.4.0
configure:3705: checking host system type
configure:3718: result: x86_64-apple-darwin13.4.0
configure:3738: checking target system type
configure:3751: result: x86_64-apple-darwin13.4.0
configure:3854: checking for PHP prefix
configure:3856: result: /opt/local
configure:3858: checking for PHP includes
configure:3860: result: -I/opt/local/include/php56/php -I/opt/local/include/php56/php/main -I/opt/local/include/php56/php/TSRM -I/opt/local/include/php56/php/Zend -I/opt/local/include/php56/php/ext -I/opt/local/include/php56/php/ext/date/lib -I/opt/local/include
configure:3862: checking for PHP extension directory
configure:3864: result: /opt/local/lib/php56/extensions/no-debug-non-zts-20131226
configure:3866: checking for PHP installed headers prefix
configure:3868: result: /opt/local/include/php56/php
configure:3871: checking if debug is enabled
configure:3897: result: no
configure:3900: checking if zts is enabled
configure:3926: result: no
configure:3997: checking for re2c
configure:4027: result: no
configure:4052: WARNING: You will need re2c 0.13.4 or later if you want to regenerate PHP parsers.
configure:4066: checking for gawk
configure:4097: result: no
configure:4066: checking for nawk
configure:4097: result: no
configure:4066: checking for awk
configure:4083: found /usr/bin/awk
configure:4094: result: awk
configure:4117: checking if awk is broken
configure:4124: result: no
configure:4135: checking PHP version
configure:4150: result: 5.6.1
configure:4161: checking whether to enable handlersocketi support
configure:4200: result: yes, shared
configure:4274: checking for g++
configure:4290: found /usr/bin/g++
configure:4301: result: g++
configure:4328: checking for C++ compiler version
configure:4337: g++ --version >&5
Apple LLVM version 5.1 (clang-503.0.38) (based on LLVM 3.4svn)
Target: x86_64-apple-darwin13.4.0
Thread model: posix
Configured with: --prefix=/Applications/Xcode.app/Contents/Developer//usr --with-gxx-include-dir=/usr/include/c++/4.2.1
configure:4348: $? = 0
configure:4337: g++ -v >&5
Configured with: --prefix=/Applications/Xcode.app/Contents/Developer//usr --with-gxx-include-dir=/usr/include/c++/4.2.1
Apple LLVM version 5.1 (clang-503.0.38) (based on LLVM 3.4svn)
Target: x86_64-apple-darwin13.4.0
Thread model: posix
configure:4348: $? = 0
configure:4337: g++ -V >&5
clang: error: argument to '-V' is missing (expected 1 value)
clang: error: no input files
configure:4348: $? = 1
configure:4337: g++ -qversion >&5
clang: error: unknown argument: '-qversion' [-Wunused-command-line-argument-hard-error-in-future]
clang: note: this will be a hard error (cannot be downgraded to a warning) in the future
clang: error: no input files
configure:4348: $? = 1
configure:4352: checking whether we are using the GNU C++ compiler
configure:4371: g++ -c   conftest.cpp >&5
configure:4371: $? = 0
configure:4380: result: yes
configure:4389: checking whether g++ accepts -g
configure:4409: g++ -c -g  conftest.cpp >&5
configure:4409: $? = 0
configure:4450: result: yes
configure:4478: checking how to run the C++ preprocessor
configure:4505: g++ -E  conftest.cpp
configure:4505: $? = 0
configure:4519: g++ -E  conftest.cpp
conftest.cpp:9:10: fatal error: 'ac_nonexistent.h' file not found
#include <ac_nonexistent.h>
         ^
1 error generated.
configure:4519: $? = 1
configure: failed program was:
| /* confdefs.h */
| #define PACKAGE_NAME ""
| #define PACKAGE_TARNAME ""
| #define PACKAGE_VERSION ""
| #define PACKAGE_STRING ""
| #define PACKAGE_BUGREPORT ""
| #define PACKAGE_URL ""
| /* end confdefs.h.  */
| #include <ac_nonexistent.h>
configure:4544: result: g++ -E
configure:4564: g++ -E  conftest.cpp
configure:4564: $? = 0
configure:4578: g++ -E  conftest.cpp
conftest.cpp:9:10: fatal error: 'ac_nonexistent.h' file not found
#include <ac_nonexistent.h>
         ^
1 error generated.
configure:4578: $? = 1
configure: failed program was:
| /* confdefs.h */
| #define PACKAGE_NAME ""
| #define PACKAGE_TARNAME ""
| #define PACKAGE_VERSION ""
| #define PACKAGE_STRING ""
| #define PACKAGE_BUGREPORT ""
| #define PACKAGE_URL ""
| /* end confdefs.h.  */
| #include <ac_nonexistent.h>
configure:5126: checking for ld used by cc
configure:5193: result: /Applications/Xcode.app/Contents/Developer/Toolchains/XcodeDefault.xctoolchain/usr/bin/ld
configure:5200: checking if the linker (/Applications/Xcode.app/Contents/Developer/Toolchains/XcodeDefault.xctoolchain/usr/bin/ld) is GNU ld
configure:5215: result: no
configure:5220: checking for /Applications/Xcode.app/Contents/Developer/Toolchains/XcodeDefault.xctoolchain/usr/bin/ld option to reload object files
configure:5227: result: -r
configure:5245: checking for BSD-compatible nm
configure:5294: result: /usr/bin/nm
configure:5298: checking whether ln -s works
configure:5302: result: yes
configure:5309: checking how to recognize dependent libraries
configure:5495: result: pass_all
configure:5713: checking for ANSI C header files
configure:5733: cc -c -g -O2  conftest.c >&5
configure:5733: $? = 0
configure:5806: cc -o conftest -g -O2   conftest.c -lstdc++  >&5
configure:5806: $? = 0
configure:5806: ./conftest
configure:5806: $? = 0
configure:5817: result: yes
configure:5830: checking for sys/types.h
configure:5830: cc -c -g -O2  conftest.c >&5
configure:5830: $? = 0
configure:5830: result: yes
configure:5830: checking for sys/stat.h
configure:5830: cc -c -g -O2  conftest.c >&5
configure:5830: $? = 0
configure:5830: result: yes
configure:5830: checking for stdlib.h
configure:5830: cc -c -g -O2  conftest.c >&5
configure:5830: $? = 0
configure:5830: result: yes
configure:5830: checking for string.h
configure:5830: cc -c -g -O2  conftest.c >&5
configure:5830: $? = 0
configure:5830: result: yes
configure:5830: checking for memory.h
configure:5830: cc -c -g -O2  conftest.c >&5
configure:5830: $? = 0
configure:5830: result: yes
configure:5830: checking for strings.h
configure:5830: cc -c -g -O2  conftest.c >&5
configure:5830: $? = 0
configure:5830: result: yes
configure:5830: checking for inttypes.h
configure:5830: cc -c -g -O2  conftest.c >&5
configure:5830: $? = 0
configure:5830: result: yes
configure:5830: checking for stdint.h
configure:5830: cc -c -g -O2  conftest.c >&5
configure:5830: $? = 0
configure:5830: result: yes
configure:5830: checking for unistd.h
configure:5830: cc -c -g -O2  conftest.c >&5
configure:5830: $? = 0
configure:5830: result: yes
configure:5844: checking dlfcn.h usability
configure:5844: cc -c -g -O2  conftest.c >&5
configure:5844: $? = 0
configure:5844: result: yes
configure:5844: checking dlfcn.h presence
configure:5844: cc -E  conftest.c
configure:5844: $? = 0
configure:5844: result: yes
configure:5844: checking for dlfcn.h
configure:5844: result: yes
configure:5864: checking how to run the C++ preprocessor
configure:5930: result: g++ -E
configure:5950: g++ -E  conftest.cpp
configure:5950: $? = 0
configure:5964: g++ -E  conftest.cpp
conftest.cpp:21:10: fatal error: 'ac_nonexistent.h' file not found
#include <ac_nonexistent.h>
         ^
1 error generated.
configure:5964: $? = 1
configure: failed program was:
| /* confdefs.h */
| #define PACKAGE_NAME ""
| #define PACKAGE_TARNAME ""
| #define PACKAGE_VERSION ""
| #define PACKAGE_STRING ""
| #define PACKAGE_BUGREPORT ""
| #define PACKAGE_URL ""
| #define COMPILE_DL_HANDLERSOCKETI 1
| #define STDC_HEADERS 1
| #define HAVE_SYS_TYPES_H 1
| #define HAVE_SYS_STAT_H 1
| #define HAVE_STDLIB_H 1
| #define HAVE_STRING_H 1
| #define HAVE_MEMORY_H 1
| #define HAVE_STRINGS_H 1
| #define HAVE_INTTYPES_H 1
| #define HAVE_STDINT_H 1
| #define HAVE_UNISTD_H 1
| #define HAVE_DLFCN_H 1
| /* end confdefs.h.  */
| #include <ac_nonexistent.h>
configure:5997: checking the maximum length of command line arguments
configure:6109: result: 196608
configure:6121: checking command to parse /usr/bin/nm output from cc object
configure:6226: g++ -c -g -O2  conftest.cpp >&5
configure:6229: $? = 0
configure:6233: /usr/bin/nm conftest.o \| sed -n -e 's/^.*[ 	]\([BCDEGRST][BCDEGRST]*\)[ 	][ 	]*\([_A-Za-z][_A-Za-z0-9]*\)$/\1 \2 \2/p' \> conftest.nm
configure:6236: $? = 0
cannot find nm_test_var in conftest.nm
configure:6226: g++ -c -g -O2  conftest.cpp >&5
configure:6229: $? = 0
configure:6233: /usr/bin/nm conftest.o \| sed -n -e 's/^.*[ 	]\([BCDEGRST][BCDEGRST]*\)[ 	][ 	]*_\([_A-Za-z][_A-Za-z0-9]*\)$/\1 _\2 \2/p' \> conftest.nm
configure:6236: $? = 0
configure:6288: g++ -o conftest -g -O2   conftest.cpp conftstm.o >&5
configure:6291: $? = 0
configure:6329: result: ok
configure:6333: checking for objdir
configure:6348: result: .libs
configure:6440: checking for ar
configure:6456: found /usr/bin/ar
configure:6467: result: ar
configure:6532: checking for ranlib
configure:6548: found /usr/bin/ranlib
configure:6559: result: ranlib
configure:6624: checking for strip
configure:6640: found /usr/bin/strip
configure:6651: result: strip
configure:6904: checking for dsymutil
configure:6920: found /usr/bin/dsymutil
configure:6931: result: dsymutil
configure:6996: checking for nmedit
configure:7012: found /usr/bin/nmedit
configure:7023: result: nmedit
configure:7046: checking for -single_module linker flag
configure:7067: result: yes
configure:7069: checking for -exported_symbols_list linker flag
configure:7085: g++ -o conftest -g -O2   -Wl,-exported_symbols_list,conftest.sym conftest.cpp -lstdc++  >&5
configure:7088: $? = 0
configure:7102: result: yes
configure:7220: checking if cc supports -fno-rtti -fno-exceptions
configure:7238: cc -c -g -O2  -fno-rtti -fno-exceptions conftest.c >&5
configure:7242: $? = 0
configure:7255: result: yes
configure:7270: checking for cc option to produce PIC
configure:7510: result: -fno-common
configure:7518: checking if cc PIC flag -fno-common works
configure:7536: cc -c -g -O2  -fno-common -DPIC conftest.c >&5
configure:7540: $? = 0
configure:7553: result: yes
configure:7581: checking if cc static flag -static works
configure:7609: result: no
configure:7619: checking if cc supports -c -o file.o
configure:7640: cc -c -g -O2  -o out/conftest2.o conftest.c >&5
configure:7644: $? = 0
configure:7666: result: yes
configure:7692: checking whether the cc linker (/Applications/Xcode.app/Contents/Developer/Toolchains/XcodeDefault.xctoolchain/usr/bin/ld) supports shared libraries
configure:8620: result: yes
configure:8687: checking dynamic linker characteristics
configure:9285: result: darwin13.4.0 dyld
configure:9309: checking how to hardcode library paths into programs
configure:9334: result: immediate
configure:9348: checking whether stripping libraries is possible
configure:9362: result: yes
configure:9870: checking if libtool supports shared libraries
configure:9872: result: yes
configure:9875: checking whether to build shared libraries
configure:9896: result: yes
configure:9899: checking whether to build static libraries
configure:9903: result: no
configure:9998: result:
creating libtool
configure:10589: checking for ld used by g++
configure:10656: result: /Applications/Xcode.app/Contents/Developer/Toolchains/XcodeDefault.xctoolchain/usr/bin/ld
configure:10663: checking if the linker (/Applications/Xcode.app/Contents/Developer/Toolchains/XcodeDefault.xctoolchain/usr/bin/ld) is GNU ld
configure:10678: result: no
configure:10729: checking whether the g++ linker (/Applications/Xcode.app/Contents/Developer/Toolchains/XcodeDefault.xctoolchain/usr/bin/ld) supports shared libraries
configure:11627: result: yes
configure:11648: g++ -c -g -O2  conftest.cpp >&5
configure:11651: $? = 0
configure:11807: checking for g++ option to produce PIC
configure:12097: result: -fno-common
configure:12105: checking if g++ PIC flag -fno-common works
configure:12123: g++ -c -g -O2  -fno-common -DPIC conftest.cpp >&5
configure:12127: $? = 0
configure:12140: result: yes
configure:12168: checking if g++ static flag -static works
configure:12196: result: no
configure:12206: checking if g++ supports -c -o file.o
configure:12227: g++ -c -g -O2  -o out/conftest2.o conftest.cpp >&5
configure:12231: $? = 0
configure:12253: result: yes
configure:12279: checking whether the g++ linker (/Applications/Xcode.app/Contents/Developer/Toolchains/XcodeDefault.xctoolchain/usr/bin/ld) supports shared libraries
configure:12305: result: yes
configure:12372: checking dynamic linker characteristics
configure:12918: result: darwin13.4.0 dyld
configure:12942: checking how to hardcode library paths into programs
configure:12967: result: immediate
configure:13697: creating ./config.status

## ---------------------- ##
## Running config.status. ##
## ---------------------- ##

This file was extended by config.status, which was
generated by GNU Autoconf 2.69.  Invocation command line was

  CONFIG_FILES    = 
  CONFIG_HEADERS  = 
  CONFIG_LINKS    = 
  CONFIG_COMMANDS = 
  $ ./config.status 

on DanyMini.local

config.status:676: creating config.h
config.status:766: config.h is unchanged

## ---------------- ##
## Cache variables. ##
## ---------------- ##

ac_cv_build=x86_64-apple-darwin13.4.0
ac_cv_c_compiler_gnu=yes
ac_cv_cxx_compiler_gnu=yes
ac_cv_env_CCC_set=
ac_cv_env_CCC_value=
ac_cv_env_CC_set=
ac_cv_env_CC_value=
ac_cv_env_CFLAGS_set=
ac_cv_env_CFLAGS_value=
ac_cv_env_CPPFLAGS_set=
ac_cv_env_CPPFLAGS_value=
ac_cv_env_CPP_set=
ac_cv_env_CPP_value=
ac_cv_env_CXXCPP_set=
ac_cv_env_CXXCPP_value=
ac_cv_env_CXXFLAGS_set=
ac_cv_env_CXXFLAGS_value=
ac_cv_env_CXX_set=
ac_cv_env_CXX_value=
ac_cv_env_LDFLAGS_set=
ac_cv_env_LDFLAGS_value=
ac_cv_env_LIBS_set=
ac_cv_env_LIBS_value=
ac_cv_env_build_alias_set=
ac_cv_env_build_alias_value=
ac_cv_env_host_alias_set=
ac_cv_env_host_alias_value=
ac_cv_env_target_alias_set=
ac_cv_env_target_alias_value=
ac_cv_header_dlfcn_h=yes
ac_cv_header_inttypes_h=yes
ac_cv_header_memory_h=yes
ac_cv_header_stdc=yes
ac_cv_header_stdint_h=yes
ac_cv_header_stdlib_h=yes
ac_cv_header_string_h=yes
ac_cv_header_strings_h=yes
ac_cv_header_sys_stat_h=yes
ac_cv_header_sys_types_h=yes
ac_cv_header_unistd_h=yes
ac_cv_host=x86_64-apple-darwin13.4.0
ac_cv_objext=o
ac_cv_path_EGREP='/usr/bin/grep -E'
ac_cv_path_GREP=/usr/bin/grep
ac_cv_prog_AWK=awk
ac_cv_prog_CPP='cc -E'
ac_cv_prog_CXXCPP='g++ -E'
ac_cv_prog_ac_ct_AR=ar
ac_cv_prog_ac_ct_CC=cc
ac_cv_prog_ac_ct_CXX=g++
ac_cv_prog_ac_ct_DSYMUTIL=dsymutil
ac_cv_prog_ac_ct_NMEDIT=nmedit
ac_cv_prog_ac_ct_RANLIB=ranlib
ac_cv_prog_ac_ct_STRIP=strip
ac_cv_prog_cc_c89=
ac_cv_prog_cc_cc_c_o=yes
ac_cv_prog_cc_g=yes
ac_cv_prog_cxx_g=yes
ac_cv_target=x86_64-apple-darwin13.4.0
lt_cv_apple_cc_single_mod=yes
lt_cv_deplibs_check_method=pass_all
lt_cv_file_magic_cmd='$MAGIC_CMD'
lt_cv_file_magic_test_file=
lt_cv_ld_exported_symbols_list=yes
lt_cv_ld_reload_flag=-r
lt_cv_objdir=.libs
lt_cv_path_LD=/Applications/Xcode.app/Contents/Developer/Toolchains/XcodeDefault.xctoolchain/usr/bin/ld
lt_cv_path_LDCXX=/Applications/Xcode.app/Contents/Developer/Toolchains/XcodeDefault.xctoolchain/usr/bin/ld
lt_cv_path_NM=/usr/bin/nm
lt_cv_path_SED=/opt/local/bin/gsed
lt_cv_prog_compiler_c_o=yes
lt_cv_prog_compiler_c_o_CXX=yes
lt_cv_prog_compiler_pic_works=yes
lt_cv_prog_compiler_pic_works_CXX=yes
lt_cv_prog_compiler_rtti_exceptions=yes
lt_cv_prog_compiler_static_works=no
lt_cv_prog_compiler_static_works_CXX=no
lt_cv_prog_gnu_ld=no
lt_cv_prog_gnu_ldcxx=no
lt_cv_sys_global_symbol_pipe='sed -n -e '\''s/^.*[ 	]\([BCDEGRST][BCDEGRST]*\)[ 	][ 	]*_\([_A-Za-z][_A-Za-z0-9]*\)$/\1 _\2 \2/p'\'''
lt_cv_sys_global_symbol_to_c_name_address='sed -n -e '\''s/^: \([^ ]*\) $/  {\"\1\", (lt_ptr) 0},/p'\'' -e '\''s/^[BCDEGRST] \([^ ]*\) \([^ ]*\)$/  {"\2", (lt_ptr) \&\2},/p'\'''
lt_cv_sys_global_symbol_to_cdecl='sed -n -e '\''s/^. .* \(.*\)$/extern int \1;/p'\'''
lt_cv_sys_lib_dlsearch_path_spec='/usr/local/lib /lib /usr/lib'
lt_cv_sys_lib_search_path_spec='/Applications/Xcode.app/Contents/Developer/Toolchains/XcodeDefault.xctoolchain/usr/lib/clang/5.1 /usr/local/lib'
lt_cv_sys_max_cmd_len=196608
lt_lt_cv_prog_compiler_c_o='"yes"'
lt_lt_cv_prog_compiler_c_o_CXX='"yes"'
lt_lt_cv_sys_global_symbol_pipe='"sed -n -e '\''s/^.*[ 	]\\([BCDEGRST][BCDEGRST]*\\)[ 	][ 	]*_\\([_A-Za-z][_A-Za-z0-9]*\\)\$/\\1 _\\2 \\2/p'\''"'
lt_lt_cv_sys_global_symbol_to_c_name_address='"sed -n -e '\''s/^: \\([^ ]*\\) \$/  {\\\"\\1\\\", (lt_ptr) 0},/p'\'' -e '\''s/^[BCDEGRST] \\([^ ]*\\) \\([^ ]*\\)\$/  {\"\\2\", (lt_ptr) \\&\\2},/p'\''"'
lt_lt_cv_sys_global_symbol_to_cdecl='"sed -n -e '\''s/^. .* \\(.*\\)\$/extern int \\1;/p'\''"'
php_cv_cc_dashr=no
php_cv_cc_rpath=yes

## ----------------- ##
## Output variables. ##
## ----------------- ##

AR='ar'
AWK='awk'
CC='cc'
CFLAGS='-g -O2'
CONFIGURE_COMMAND=' '\''./configure'\'' '
CONFIGURE_OPTIONS=''
CPP='cc -E'
CPPFLAGS=' -DHAVE_CONFIG_H'
CXX='g++'
CXXCPP='g++ -E'
CXXFLAGS='-g -O2'
DEFS='-DHAVE_CONFIG_H'
DSYMUTIL='dsymutil'
ECHO='/bin/echo'
ECHO_C='\c'
ECHO_N=''
ECHO_T=''
EGREP='/usr/bin/grep -E'
EXEEXT=''
GREP='/usr/bin/grep'
LDFLAGS=''
LIBOBJS=''
LIBS='-lstdc++ '
LIBTOOL='$(SHELL) $(top_builddir)/libtool'
LN_S='ln -s'
LTLIBOBJS=''
NMEDIT='nmedit'
OBJEXT='o'
PACKAGE_BUGREPORT=''
PACKAGE_NAME=''
PACKAGE_STRING=''
PACKAGE_TARNAME=''
PACKAGE_URL=''
PACKAGE_VERSION=''
PATH_SEPARATOR=':'
RANLIB='ranlib'
RE2C='exit 0;'
SED='/opt/local/bin/gsed'
SHELL='/bin/sh'
SHLIB_DL_SUFFIX_NAME='so'
SHLIB_SUFFIX_NAME='dylib'
STRIP='strip'
ac_ct_CC='cc'
ac_ct_CXX='g++'
bindir='${exec_prefix}/bin'
build='x86_64-apple-darwin13.4.0'
build_alias=''
build_cpu='x86_64'
build_os='darwin13.4.0'
build_vendor='apple'
datadir='${datarootdir}'
datarootdir='${prefix}/share'
docdir='${datarootdir}/doc/${PACKAGE}'
dvidir='${docdir}'
exec_prefix='$(prefix)'
host='x86_64-apple-darwin13.4.0'
host_alias='x86_64-apple-darwin13.4.0'
host_cpu='x86_64'
host_os='darwin13.4.0'
host_vendor='apple'
htmldir='${docdir}'
includedir='${prefix}/include'
infodir='${datarootdir}/info'
libdir='${exec_prefix}/lib'
libexecdir='${exec_prefix}/libexec'
localedir='${datarootdir}/locale'
localstatedir='${prefix}/var'
mandir='${datarootdir}/man'
oldincludedir='/usr/include'
pdfdir='${docdir}'
prefix='/opt/local'
program_transform_name='s,x,x,'
psdir='${docdir}'
sbindir='${exec_prefix}/sbin'
sharedstatedir='${prefix}/com'
sysconfdir='${prefix}/etc'
target='x86_64-apple-darwin13.4.0'
target_alias=''
target_cpu='x86_64'
target_os='darwin13.4.0'
target_vendor='apple'

## ----------- ##
## confdefs.h. ##
## ----------- ##

/* confdefs.h */
#define PACKAGE_NAME ""
#define PACKAGE_TARNAME ""
#define PACKAGE_VERSION ""
#define PACKAGE_STRING ""
#define PACKAGE_BUGREPORT ""
#define PACKAGE_URL ""
#define COMPILE_DL_HANDLERSOCKETI 1
#define STDC_HEADERS 1
#define HAVE_SYS_TYPES_H 1
#define HAVE_SYS_STAT_H 1
#define HAVE_STDLIB_H 1
#define HAVE_STRING_H 1
#define HAVE_MEMORY_H 1
#define HAVE_STRINGS_H 1
#define HAVE_INTTYPES_H 1
#define HAVE_STDINT_H 1
#define HAVE_UNISTD_H 1
#define HAVE_DLFCN_H 1

configure: exit 0
